01:36:28:194  WARN 54380 --- [Thread-4] c.a.nacos.common.notify.NotifyCenter     : [NotifyCenter] Start destroying Publisher
01:36:28:195  WARN 54380 --- [Thread-7] c.a.n.common.http.HttpClientBeanHolder   : [HttpClientBeanHolder] Start destroying common HttpClient
01:36:28:243  WARN 54380 --- [Thread-4] c.a.nacos.common.notify.NotifyCenter     : [NotifyCenter] Destruction of the end
01:36:28:255  WARN 54380 --- [Thread-7] c.a.n.common.http.HttpClientBeanHolder   : [HttpClientBeanHolder] Destruction of the end
01:36:28:739  INFO 54380 --- [SpringApplicationShutdownHook] c.a.c.n.registry.NacosServiceRegistry    : De-registering from Nacos Server now...
01:36:28:758  INFO 54380 --- [SpringApplicationShutdownHook] c.a.c.n.registry.NacosServiceRegistry    : De-registration finished.
11:05:31:541  INFO 51560 --- [main] c.a.n.client.env.SearchableProperties    : properties search order:PROPERTIES->JVM->ENV->DEFAULT_SETTING
11:05:31:789  INFO 51560 --- [main] com.hmall.trade.TradeApplication         : Starting TradeApplication using Java 17.0.9 on LAPTOP-vicky with PID 51560 (D:\codeJava\itheimaProjects\hmall\trade-service\target\classes started by Lenovo in D:\codeJava\itheimaProjects\hmall)
11:05:31:791 DEBUG 51560 --- [main] com.hmall.trade.TradeApplication         : Running with Spring Boot v2.7.18, Spring v5.3.31
11:05:31:791  INFO 51560 --- [main] com.hmall.trade.TradeApplication         : The following 1 profile is active: "local"
11:05:33:491  INFO 51560 --- [main] o.s.cloud.context.scope.GenericScope     : BeanFactory id=863dde2f-df92-3d02-8819-d86ac3eb4b84
11:05:34:254  INFO 51560 --- [main] o.s.b.w.embedded.tomcat.TomcatWebServer  : Tomcat initialized with port(s): 8085 (http)
11:05:34:269  INFO 51560 --- [main] o.apache.catalina.core.StandardService   : Starting service [Tomcat]
11:05:34:270  INFO 51560 --- [main] org.apache.catalina.core.StandardEngine  : Starting Servlet engine: [Apache Tomcat/9.0.83]
11:05:34:536  INFO 51560 --- [main] o.a.c.c.C.[Tomcat].[localhost].[/]       : Initializing Spring embedded WebApplicationContext
11:05:34:537  INFO 51560 --- [main] w.s.c.ServletWebServerApplicationContext : Root WebApplicationContext: initialization completed in 2666 ms
11:05:34:898  INFO 51560 --- [main] o.s.c.openfeign.FeignClientFactoryBean   : For 'item-service' URL not provided. Will try picking an instance via load-balancing.
11:05:35:535  INFO 51560 --- [main] o.s.c.openfeign.FeignClientFactoryBean   : For 'cart-service' URL not provided. Will try picking an instance via load-balancing.
11:05:37:715  INFO 51560 --- [main] pertySourcedRequestMappingHandlerMapping : Mapped URL path [/v2/api-docs] onto method [springfox.documentation.swagger2.web.Swagger2ControllerWebMvc#getDocumentation(String, HttpServletRequest)]
11:05:38:594  INFO 51560 --- [main] o.s.b.w.embedded.tomcat.TomcatWebServer  : Tomcat started on port(s): 8085 (http) with context path ''
11:05:38:693  INFO 51560 --- [main] c.a.n.p.a.s.c.ClientAuthPluginManager    : [ClientAuthPluginManager] Load ClientAuthService com.alibaba.nacos.client.auth.impl.NacosClientAuthServiceImpl success.
11:05:38:693  INFO 51560 --- [main] c.a.n.p.a.s.c.ClientAuthPluginManager    : [ClientAuthPluginManager] Load ClientAuthService com.alibaba.nacos.client.auth.ram.RamClientAuthServiceImpl success.
11:05:41:082  INFO 51560 --- [main] c.a.c.n.registry.NacosServiceRegistry    : nacos registry, DEFAULT_GROUP trade-service 192.168.31.64:8085 register finished
11:05:41:763  INFO 51560 --- [main] d.s.w.p.DocumentationPluginsBootstrapper : Documentation plugins bootstrapped
11:05:41:768  INFO 51560 --- [main] d.s.w.p.DocumentationPluginsBootstrapper : Found 1 custom documentation plugin(s)
11:05:41:800  INFO 51560 --- [main] s.d.s.w.s.ApiListingReferenceScanner     : Scanning for api listing references
11:05:41:954  INFO 51560 --- [main] com.hmall.trade.TradeApplication         : Started TradeApplication in 11.473 seconds (JVM running for 12.933)
